globaltag = DES19_62_V8::All
271 DQMStore::DQMStore 
HcalTopologyIdealEP::HcalTopologyIdealEP
05-Mar-2014 15:39:22 CET  Initiating request to open file file:step1.root
05-Mar-2014 15:39:23 CET  Successfully opened file file:step1.root
disableME1a = 0
----- Begin Fatal Exception 05-Mar-2014 15:39:25 CET-----------------------
An exception of category 'NoProxyException' occurred while
   [0] Processing run: 1
   [1] Running path 'digitisation_step'
   [2] Calling beginRun for module MixingModule/'mix'
   [3] Using EventSetup component CaloGeometryBuilder/'' to make data CaloGeometry/'' in record CaloGeometryRecord
   [4] Using EventSetup component HcalHardcodeGeometryEP/'' to make data CaloSubdetectorGeometry/'HCAL' in record HcalGeometryRecord
Exception Message:
No data of type "HcalDDDRecConstants" with label "" in record "HcalRecNumberingRecord"
 Please add an ESSource or ESProducer to your job which can deliver this data.
----- End Fatal Exception -------------------------------------------------
Another exception was caught while trying to clean up files after the primary fatal exception.
05-Mar-2014 15:39:25 CET  Closed file file:step1.root

=============================================

MessageLogger Summary

 type     category        sev    module        subroutine        count    total
 ---- -------------------- -- ---------------- ----------------  -----    -----
    1 Additional Exception -s PostBeginRun                           1        1
    2 Fatal Exception      -s PostPathBeginRun                       1        1
    3 fileAction           -s file_close                             1        1
    4 fileAction           -s file_open                              2        2

 type    category    Examples: run/evt        run/evt          run/evt
 ---- -------------------- ---------------- ---------------- ----------------
    1 Additional Exceptions PostBeginRun                      
    2 Fatal Exception      Run: 1                            
    3 fileAction           PostBeginRun                      
    4 fileAction           pre-events       pre-events       

Severity    # Occurrences   Total Occurrences
--------    -------------   -----------------
System                  5                   5
