globaltag = DES19_62_V8::All
271 DQMStore::DQMStore 
HcalTopologyIdealEP::HcalTopologyIdealEP
%MSG-e Specific:  OscarProducer:g4SimHits@beginRun 05-Mar-2014 15:36:29 CET  Run: 1
Could not process q-name of a DDLogicalPart, reason:
No regex-match for namespace=  name=HFFibre.*

SpecPar selection is:
//HFFibre.*

%MSG
%MSG-e Specific:  OscarProducer:g4SimHits@beginRun 05-Mar-2014 15:36:29 CET  Run: 1
Could not process q-name of a DDLogicalPart, reason:
No regex-match for namespace=  name=REG.*

SpecPar selection is:
//REG.*

%MSG
%MSG-e Specific:  OscarProducer:g4SimHits@beginRun 05-Mar-2014 15:36:29 CET  Run: 1
Could not process q-name of a DDLogicalPart, reason:
No regex-match for namespace=  name=REH.*

SpecPar selection is:
//REH.*

%MSG
Set Driver verbosity to -2
 New QGSP_FTFP_BERT physics list, replaces LEP with FTF/P for p/n/pi (/K?)  Thresholds: 
    1) between BERT  and FTF/P over the interval 6 to 8 GeV. 
    2) between FTF/P and QGS/P over the interval 12 to 25 GeV. 
  -- quasiElastic was asked to be 1
     Changed to 1 for QGS  and to 0 (must be false) for FTF
%MSG-e CmsTrackerDiskBuilder:  OscarProducer:g4SimHits@beginRun  05-Mar-2014 15:38:42 CET Run: 1
ERROR, The Total Number of Blade in one disk is 34; configured 56
%MSG
%MSG-e CmsTrackerDiskBuilder:  OscarProducer:g4SimHits@beginRun  05-Mar-2014 15:38:42 CET Run: 1
ERROR, The Total Number of Blade in one disk is 34; configured 56
%MSG
%MSG-e CmsTrackerDiskBuilder:  OscarProducer:g4SimHits@beginRun  05-Mar-2014 15:38:42 CET Run: 1
ERROR, The Total Number of Blade in one disk is 34; configured 56
%MSG
%MSG-e CmsTrackerDiskBuilder:  OscarProducer:g4SimHits@beginRun  05-Mar-2014 15:38:43 CET Run: 1
ERROR, The Total Number of Blade in one disk is 34; configured 56
%MSG
%MSG-e CmsTrackerDiskBuilder:  OscarProducer:g4SimHits@beginRun  05-Mar-2014 15:38:43 CET Run: 1
ERROR, The Total Number of Blade in one disk is 34; configured 56
%MSG
%MSG-e CmsTrackerDiskBuilder:  OscarProducer:g4SimHits@beginRun  05-Mar-2014 15:38:43 CET Run: 1
ERROR, The Total Number of Blade in one disk is 34; configured 56
%MSG
Begin processing the 1st record. Run 1, Event 1, LumiSection 1 at 05-Mar-2014 15:38:43.438 CET
Begin processing the 2nd record. Run 1, Event 2, LumiSection 1 at 05-Mar-2014 15:38:44.779 CET
Begin processing the 3rd record. Run 1, Event 3, LumiSection 1 at 05-Mar-2014 15:38:45.858 CET
Begin processing the 4th record. Run 1, Event 4, LumiSection 1 at 05-Mar-2014 15:38:47.048 CET
Begin processing the 5th record. Run 1, Event 5, LumiSection 1 at 05-Mar-2014 15:38:48.869 CET
Begin processing the 6th record. Run 1, Event 6, LumiSection 1 at 05-Mar-2014 15:38:49.974 CET
Begin processing the 7th record. Run 1, Event 7, LumiSection 1 at 05-Mar-2014 15:38:51.255 CET
Begin processing the 8th record. Run 1, Event 8, LumiSection 1 at 05-Mar-2014 15:38:53.296 CET
Begin processing the 9th record. Run 1, Event 9, LumiSection 1 at 05-Mar-2014 15:38:54.179 CET
Begin processing the 10th record. Run 1, Event 10, LumiSection 1 at 05-Mar-2014 15:38:55.733 CET

=============================================

MessageLogger Summary

 type     category        sev    module        subroutine        count    total
 ---- -------------------- -- ---------------- ----------------  -----    -----
    1 CmsTrackerDiskBuilde -e OscarProducer:g4                       6        6
    2 Specific             -e OscarProducer:g4                       3        3

 type    category    Examples: run/evt        run/evt          run/evt
 ---- -------------------- ---------------- ---------------- ----------------
    1 CmsTrackerDiskBuilder Run: 1           Run: 1           Run: 1
    2 Specific             Run: 1           Run: 1           Run: 1

Severity    # Occurrences   Total Occurrences
--------    -------------   -----------------
Error                   9                   9
